This is pdfTeX, Version 3.141592653-2.6-1.40.22 (TeX Live 2021) (preloaded format=pdflatex 2021.10.26)  8 MAY 2023 09:37
entering extended mode
 restricted \write18 enabled.
 %&-line parsing enabled.
**main.tex
(./main.tex
LaTeX2e <2020-10-01> patch level 4
L3 programming layer <2021-02-18> (./spieman.cls
Document Class: spieman 2015/07/24 v1.10 SPIE manuscript class
(/usr/local/texlive/2021/texmf-dist/tex/latex/base/article.cls
Document Class: article 2020/04/10 v1.4m Standard LaTeX document class
(/usr/local/texlive/2021/texmf-dist/tex/latex/base/size12.clo
File: size12.clo 2020/04/10 v1.4m Standard LaTeX file (size option)
)
\c@part=\count179
\c@section=\count180
\c@subsection=\count181
\c@subsubsection=\count182
\c@paragraph=\count183
\c@subparagraph=\count184
\c@figure=\count185
\c@table=\count186
\abovecaptionskip=\skip47
\belowcaptionskip=\skip48
\bibindent=\dimen138
)
twelve-point font
(/usr/local/texlive/2021/texmf-dist/tex/latex/preprint/authblk.sty
Package: authblk 2001/02/27 1.3 (PWD)
\affilsep=\skip49
\@affilsep=\skip50
\c@Maxaffil=\count187
\c@authors=\count188
\c@affil=\count189
)
(/usr/local/texlive/2021/texmf-dist/tex/latex/psnfss/times.sty
Package: times 2020/03/25 PSNFSS-v9.3 (SPQR) 
)
(/usr/local/texlive/2021/texmf-dist/tex/latex/float/float.sty
Package: float 2001/11/08 v1.3d Float enhancements (AL)
\c@float@type=\count190
\float@exts=\toks15
\float@box=\box47
\@float@everytoks=\toks16
\@floatcapt=\box48
)
(/usr/local/texlive/2021/texmf-dist/tex/latex/base/ifthen.sty
Package: ifthen 2014/09/29 v1.1c Standard LaTeX ifthen package (DPC)
)
(/usr/local/texlive/2021/texmf-dist/tex/latex/setspace/setspace.sty
Package: setspace 2011/12/19 v6.7a set line spacing
)
(/usr/local/texlive/2021/texmf-dist/tex/latex/cite/cite.sty
LaTeX Info: Redefining \cite on input line 302.
LaTeX Info: Redefining \nocite on input line 332.
Package: cite 2015/02/27  v 5.5
LaTeX Info: Redefining \cite on input line 441.
)
(/usr/local/texlive/2021/texmf-dist/tex/latex/graphics/color.sty
Package: color 2020/02/24 v1.2b Standard LaTeX Color (DPC)

(/usr/local/texlive/2021/texmf-dist/tex/latex/graphics-cfg/color.cfg
File: color.cfg 2016/01/02 v1.6 sample color configuration
)
Package color Info: Driver file: pdftex.def on input line 147.

(/usr/local/texlive/2021/texmf-dist/tex/latex/graphics-def/pdftex.def
File: pdftex.def 2020/10/05 v1.2a Graphics/color driver for pdftex
))
(/usr/local/texlive/2021/texmf-dist/tex/latex/hyperref/hyperref.sty
Package: hyperref 2021-02-27 v7.00k Hypertext links for LaTeX

(/usr/local/texlive/2021/texmf-dist/tex/generic/ltxcmds/ltxcmds.sty
Package: ltxcmds 2020-05-10 v1.25 LaTeX kernel commands for general use (HO)
)
(/usr/local/texlive/2021/texmf-dist/tex/generic/iftex/iftex.sty
Package: iftex 2020/03/06 v1.0d TeX engine tests
)
(/usr/local/texlive/2021/texmf-dist/tex/generic/pdftexcmds/pdftexcmds.sty
Package: pdftexcmds 2020-06-27 v0.33 Utility functions of pdfTeX for LuaTeX (HO
)

(/usr/local/texlive/2021/texmf-dist/tex/generic/infwarerr/infwarerr.sty
Package: infwarerr 2019/12/03 v1.5 Providing info/warning/error messages (HO)
)
Package pdftexcmds Info: \pdf@primitive is available.
Package pdftexcmds Info: \pdf@ifprimitive is available.
Package pdftexcmds Info: \pdfdraftmode found.
)
(/usr/local/texlive/2021/texmf-dist/tex/latex/graphics/keyval.sty
Package: keyval 2014/10/28 v1.15 key=value parser (DPC)
\KV@toks@=\toks17
)
(/usr/local/texlive/2021/texmf-dist/tex/generic/kvsetkeys/kvsetkeys.sty
Package: kvsetkeys 2019/12/15 v1.18 Key value parser (HO)
)
(/usr/local/texlive/2021/texmf-dist/tex/generic/kvdefinekeys/kvdefinekeys.sty
Package: kvdefinekeys 2019-12-19 v1.6 Define keys (HO)
)
(/usr/local/texlive/2021/texmf-dist/tex/generic/pdfescape/pdfescape.sty
Package: pdfescape 2019/12/09 v1.15 Implements pdfTeX's escape features (HO)
)
(/usr/local/texlive/2021/texmf-dist/tex/latex/hycolor/hycolor.sty
Package: hycolor 2020-01-27 v1.10 Color options for hyperref/bookmark (HO)
)
(/usr/local/texlive/2021/texmf-dist/tex/latex/letltxmacro/letltxmacro.sty
Package: letltxmacro 2019/12/03 v1.6 Let assignment for LaTeX macros (HO)
)
(/usr/local/texlive/2021/texmf-dist/tex/latex/auxhook/auxhook.sty
Package: auxhook 2019-12-17 v1.6 Hooks for auxiliary files (HO)
)
(/usr/local/texlive/2021/texmf-dist/tex/latex/kvoptions/kvoptions.sty
Package: kvoptions 2020-10-07 v3.14 Key value format for package options (HO)
)
\@linkdim=\dimen139
\Hy@linkcounter=\count191
\Hy@pagecounter=\count192

(/usr/local/texlive/2021/texmf-dist/tex/latex/hyperref/pd1enc.def
File: pd1enc.def 2021-02-27 v7.00k Hyperref: PDFDocEncoding definition (HO)
Now handling font encoding PD1 ...
... no UTF-8 mapping file for font encoding PD1
)
(/usr/local/texlive/2021/texmf-dist/tex/latex/hyperref/hyperref-langpatches.def
File: hyperref-langpatches.def 2021-02-27 v7.00k Hyperref: patches for babel la
nguages
) (/usr/local/texlive/2021/texmf-dist/tex/generic/intcalc/intcalc.sty
Package: intcalc 2019/12/15 v1.3 Expandable calculations with integers (HO)
)
(/usr/local/texlive/2021/texmf-dist/tex/generic/etexcmds/etexcmds.sty
Package: etexcmds 2019/12/15 v1.7 Avoid name clashes with e-TeX commands (HO)
)
\Hy@SavedSpaceFactor=\count193

(/usr/local/texlive/2021/texmf-dist/tex/latex/hyperref/puenc.def
File: puenc.def 2021-02-27 v7.00k Hyperref: PDF Unicode definition (HO)
Now handling font encoding PU ...
... no UTF-8 mapping file for font encoding PU
)
Package hyperref Info: Option `colorlinks' set `true' on input line 4073.
Package hyperref Info: Hyper figures OFF on input line 4192.
Package hyperref Info: Link nesting OFF on input line 4197.
Package hyperref Info: Hyper index ON on input line 4200.
Package hyperref Info: Plain pages OFF on input line 4207.
Package hyperref Info: Backreferencing OFF on input line 4212.
Package hyperref Info: Implicit mode ON; LaTeX internals redefined.
Package hyperref Info: Bookmarks ON on input line 4445.
\c@Hy@tempcnt=\count194

(/usr/local/texlive/2021/texmf-dist/tex/latex/url/url.sty
\Urlmuskip=\muskip16
Package: url 2013/09/16  ver 3.4  Verb mode for urls, etc.
)
LaTeX Info: Redefining \url on input line 4804.
\XeTeXLinkMargin=\dimen140

(/usr/local/texlive/2021/texmf-dist/tex/generic/bitset/bitset.sty
Package: bitset 2019/12/09 v1.3 Handle bit-vector datatype (HO)

(/usr/local/texlive/2021/texmf-dist/tex/generic/bigintcalc/bigintcalc.sty
Package: bigintcalc 2019/12/15 v1.5 Expandable calculations on big integers (HO
)
))
\Fld@menulength=\count195
\Field@Width=\dimen141
\Fld@charsize=\dimen142
Package hyperref Info: Hyper figures OFF on input line 6075.
Package hyperref Info: Link nesting OFF on input line 6080.
Package hyperref Info: Hyper index ON on input line 6083.
Package hyperref Info: backreferencing OFF on input line 6090.
Package hyperref Info: Link coloring ON on input line 6093.
Package hyperref Info: Link coloring with OCG OFF on input line 6100.
Package hyperref Info: PDF/A mode OFF on input line 6105.
LaTeX Info: Redefining \ref on input line 6145.
LaTeX Info: Redefining \pageref on input line 6149.

(/usr/local/texlive/2021/texmf-dist/tex/latex/base/atbegshi-ltx.sty
Package: atbegshi-ltx 2020/08/17 v1.0a Emulation of the original atbegshi packa
ge
with kernel methods
)
\Hy@abspage=\count196
\c@Item=\count197
\c@Hfootnote=\count198
)
Package hyperref Info: Driver (autodetected): hpdftex.

(/usr/local/texlive/2021/texmf-dist/tex/latex/hyperref/hpdftex.def
File: hpdftex.def 2021-02-27 v7.00k Hyperref driver for pdfTeX

(/usr/local/texlive/2021/texmf-dist/tex/latex/base/atveryend-ltx.sty
Package: atveryend-ltx 2020/08/19 v1.0a Emulation of the original atvery packag
e
with kernel methods
)
\Fld@listcount=\count199
\c@bookmark@seq@number=\count266

(/usr/local/texlive/2021/texmf-dist/tex/latex/rerunfilecheck/rerunfilecheck.sty
Package: rerunfilecheck 2019/12/05 v1.9 Rerun checks for auxiliary files (HO)

(/usr/local/texlive/2021/texmf-dist/tex/generic/uniquecounter/uniquecounter.sty
Package: uniquecounter 2019/12/15 v1.4 Provide unlimited unique counter (HO)
)
Package uniquecounter Info: New unique counter `rerunfilecheck' on input line 2
86.
)
\Hy@SectionHShift=\skip51
)
\c@theorem=\count267
) (/usr/local/texlive/2021/texmf-dist/tex/latex/amsmath/amsmath.sty
Package: amsmath 2020/09/23 v2.17i AMS math features
\@mathmargin=\skip52

For additional information on amsmath, use the `?' option.
(/usr/local/texlive/2021/texmf-dist/tex/latex/amsmath/amstext.sty
Package: amstext 2000/06/29 v2.01 AMS text

(/usr/local/texlive/2021/texmf-dist/tex/latex/amsmath/amsgen.sty
File: amsgen.sty 1999/11/30 v2.0 generic functions
\@emptytoks=\toks18
\ex@=\dimen143
))
(/usr/local/texlive/2021/texmf-dist/tex/latex/amsmath/amsbsy.sty
Package: amsbsy 1999/11/29 v1.2d Bold Symbols
\pmbraise@=\dimen144
)
(/usr/local/texlive/2021/texmf-dist/tex/latex/amsmath/amsopn.sty
Package: amsopn 2016/03/08 v2.02 operator names
)
\inf@bad=\count268
LaTeX Info: Redefining \frac on input line 234.
\uproot@=\count269
\leftroot@=\count270
LaTeX Info: Redefining \overline on input line 399.
\classnum@=\count271
\DOTSCASE@=\count272
LaTeX Info: Redefining \ldots on input line 496.
LaTeX Info: Redefining \dots on input line 499.
LaTeX Info: Redefining \cdots on input line 620.
\Mathstrutbox@=\box49
\strutbox@=\box50
\big@size=\dimen145
LaTeX Font Info:    Redeclaring font encoding OML on input line 743.
LaTeX Font Info:    Redeclaring font encoding OMS on input line 744.
\macc@depth=\count273
\c@MaxMatrixCols=\count274
\dotsspace@=\muskip17
\c@parentequation=\count275
\dspbrk@lvl=\count276
\tag@help=\toks19
\row@=\count277
\column@=\count278
\maxfields@=\count279
\andhelp@=\toks20
\eqnshift@=\dimen146
\alignsep@=\dimen147
\tagshift@=\dimen148
\tagwidth@=\dimen149
\totwidth@=\dimen150
\lineht@=\dimen151
\@envbody=\toks21
\multlinegap=\skip53
\multlinetaggap=\skip54
\mathdisplay@stack=\toks22
LaTeX Info: Redefining \[ on input line 2923.
LaTeX Info: Redefining \] on input line 2924.
)
(/usr/local/texlive/2021/texmf-dist/tex/latex/amsfonts/amsfonts.sty
Package: amsfonts 2013/01/14 v3.01 Basic AMSFonts support
\symAMSa=\mathgroup4
\symAMSb=\mathgroup5
LaTeX Font Info:    Redeclaring math symbol \hbar on input line 98.
LaTeX Font Info:    Overwriting math alphabet `\mathfrak' in version `bold'
(Font)                  U/euf/m/n --> U/euf/b/n on input line 106.
)
(/usr/local/texlive/2021/texmf-dist/tex/latex/amsfonts/amssymb.sty
Package: amssymb 2013/01/14 v3.01 AMS font symbols
)
(/usr/local/texlive/2021/texmf-dist/tex/latex/graphics/graphicx.sty
Package: graphicx 2020/09/09 v1.2b Enhanced LaTeX Graphics (DPC,SPQR)

(/usr/local/texlive/2021/texmf-dist/tex/latex/graphics/graphics.sty
Package: graphics 2020/08/30 v1.4c Standard LaTeX Graphics (DPC,SPQR)

(/usr/local/texlive/2021/texmf-dist/tex/latex/graphics/trig.sty
Package: trig 2016/01/03 v1.10 sin cos tan (DPC)
)
(/usr/local/texlive/2021/texmf-dist/tex/latex/graphics-cfg/graphics.cfg
File: graphics.cfg 2016/06/04 v1.11 sample graphics configuration
)
Package graphics Info: Driver file: pdftex.def on input line 105.
)
\Gin@req@height=\dimen152
\Gin@req@width=\dimen153
)
(/usr/local/texlive/2021/texmf-dist/tex/latex/tocloft/tocloft.sty
Package: tocloft 2017/08/31 v2.3i parameterised ToC, etc., typesetting
Package tocloft Info: The document has section divisions on input line 51.
\cftparskip=\skip55
\cftbeforetoctitleskip=\skip56
\cftaftertoctitleskip=\skip57
\cftbeforepartskip=\skip58
\cftpartnumwidth=\skip59
\cftpartindent=\skip60
\cftbeforesecskip=\skip61
\cftsecindent=\skip62
\cftsecnumwidth=\skip63
\cftbeforesubsecskip=\skip64
\cftsubsecindent=\skip65
\cftsubsecnumwidth=\skip66
\cftbeforesubsubsecskip=\skip67
\cftsubsubsecindent=\skip68
\cftsubsubsecnumwidth=\skip69
\cftbeforeparaskip=\skip70
\cftparaindent=\skip71
\cftparanumwidth=\skip72
\cftbeforesubparaskip=\skip73
\cftsubparaindent=\skip74
\cftsubparanumwidth=\skip75
\cftbeforeloftitleskip=\skip76
\cftafterloftitleskip=\skip77
\cftbeforefigskip=\skip78
\cftfigindent=\skip79
\cftfignumwidth=\skip80
\c@lofdepth=\count280
\c@lotdepth=\count281
\cftbeforelottitleskip=\skip81
\cftafterlottitleskip=\skip82
\cftbeforetabskip=\skip83
\cfttabindent=\skip84
\cfttabnumwidth=\skip85
)
(/usr/local/texlive/2021/texmf-dist/tex/latex/lineno/lineno.sty
Package: lineno 2005/11/02 line numbers on paragraphs v4.41
\linenopenalty=\count282
\output=\toks23
\linenoprevgraf=\count283
\linenumbersep=\dimen154
\linenumberwidth=\dimen155
\c@linenumber=\count284
\c@pagewiselinenumber=\count285
\c@LN@truepage=\count286
\c@internallinenumber=\count287
\c@internallinenumbers=\count288
\quotelinenumbersep=\dimen156
\bframerule=\dimen157
\bframesep=\dimen158
\bframebox=\box51
LaTeX Info: Redefining \\ on input line 3056.
)
(/usr/local/texlive/2021/texmf-dist/tex/latex/changes/changes.sty
Package: changes 2021/02/14 v4.0.1 changes package

*** changes package 2021/02/14 v4.0.1 ***
(/usr/local/texlive/2021/texmf-dist/tex/latex/xkeyval/xkeyval.sty
Package: xkeyval 2020/11/20 v2.8 package option processing (HA)

(/usr/local/texlive/2021/texmf-dist/tex/generic/xkeyval/xkeyval.tex
(/usr/local/texlive/2021/texmf-dist/tex/generic/xkeyval/xkvutils.tex
\XKV@toks=\toks24
\XKV@tempa@toks=\toks25
)
\XKV@depth=\count289
File: xkeyval.tex 2014/12/03 v2.7a key=value parser (HA)
))
(/usr/local/texlive/2021/texmf-dist/tex/latex/etoolbox/etoolbox.sty
Package: etoolbox 2020/10/05 v2.5k e-TeX tools for LaTeX (JAW)
\etb@tempcnta=\count290
)
(/usr/local/texlive/2021/texmf-dist/tex/generic/xstring/xstring.sty
(/usr/local/texlive/2021/texmf-dist/tex/generic/xstring/xstring.tex
\integerpart=\count291
\decimalpart=\count292
)
Package: xstring 2019/02/06 v1.83 String manipulations (CT)
)
ulem-option 'normalem,normalbf', passed to package ulem
truncate-option 'breakall,fit', passed to package truncate
changes-option 'defaultcolor=red'
(/usr/local/texlive/2021/texmf-dist/tex/latex/xcolor/xcolor.sty
Package: xcolor 2016/05/11 v2.12 LaTeX color extensions (UK)

(/usr/local/texlive/2021/texmf-dist/tex/latex/graphics-cfg/color.cfg
File: color.cfg 2016/01/02 v1.6 sample color configuration
)
Package xcolor Info: Driver file: pdftex.def on input line 225.
LaTeX Info: Redefining \color on input line 709.
Package xcolor Info: Model `cmy' substituted by `cmy0' on input line 1348.
Package xcolor Info: Model `hsb' substituted by `rgb' on input line 1352.
Package xcolor Info: Model `RGB' extended on input line 1364.
Package xcolor Info: Model `HTML' substituted by `rgb' on input line 1366.
Package xcolor Info: Model `Hsb' substituted by `hsb' on input line 1367.
Package xcolor Info: Model `tHsb' substituted by `hsb' on input line 1368.
Package xcolor Info: Model `HSB' substituted by `hsb' on input line 1369.
Package xcolor Info: Model `Gray' substituted by `gray' on input line 1370.
Package xcolor Info: Model `wave' substituted by `hsb' on input line 1371.
)
(/usr/local/texlive/2021/texmf-dist/tex/generic/ulem/ulem.sty
\UL@box=\box52
\UL@hyphenbox=\box53
\UL@skip=\skip86
\UL@hook=\toks26
\UL@height=\dimen159
\UL@pe=\count293
\UL@pixel=\dimen160
\ULC@box=\box54
Package: ulem 2019/11/18
\ULdepth=\dimen161
)
(/usr/local/texlive/2021/texmf-dist/tex/latex/todonotes/todonotes.sty
Package: todonotes 2020/08/18 v1.1.3 Todonotes source and documentation.
Package: todonotes 2018/11/22

(/usr/local/texlive/2021/texmf-dist/tex/latex/pgf/frontendlayer/tikz.sty
(/usr/local/texlive/2021/texmf-dist/tex/latex/pgf/basiclayer/pgf.sty
(/usr/local/texlive/2021/texmf-dist/tex/latex/pgf/utilities/pgfrcs.sty
(/usr/local/texlive/2021/texmf-dist/tex/generic/pgf/utilities/pgfutil-common.te
x
\pgfutil@everybye=\toks27
\pgfutil@tempdima=\dimen162
\pgfutil@tempdimb=\dimen163

(/usr/local/texlive/2021/texmf-dist/tex/generic/pgf/utilities/pgfutil-common-li
sts.tex))
(/usr/local/texlive/2021/texmf-dist/tex/generic/pgf/utilities/pgfutil-latex.def
\pgfutil@abb=\box55
) (/usr/local/texlive/2021/texmf-dist/tex/generic/pgf/utilities/pgfrcs.code.tex
(/usr/local/texlive/2021/texmf-dist/tex/generic/pgf/pgf.revision.tex)
Package: pgfrcs 2020/12/27 v3.1.8b (3.1.8b)
))
Package: pgf 2020/12/27 v3.1.8b (3.1.8b)

(/usr/local/texlive/2021/texmf-dist/tex/latex/pgf/basiclayer/pgfcore.sty
(/usr/local/texlive/2021/texmf-dist/tex/latex/pgf/systemlayer/pgfsys.sty
(/usr/local/texlive/2021/texmf-dist/tex/generic/pgf/systemlayer/pgfsys.code.tex
Package: pgfsys 2020/12/27 v3.1.8b (3.1.8b)
(/usr/local/texlive/2021/texmf-dist/tex/generic/pgf/utilities/pgfkeys.code.tex
\pgfkeys@pathtoks=\toks28
\pgfkeys@temptoks=\toks29

(/usr/local/texlive/2021/texmf-dist/tex/generic/pgf/utilities/pgfkeysfiltered.c
ode.tex
\pgfkeys@tmptoks=\toks30
))
\pgf@x=\dimen164
\pgf@y=\dimen165
\pgf@xa=\dimen166
\pgf@ya=\dimen167
\pgf@xb=\dimen168
\pgf@yb=\dimen169
\pgf@xc=\dimen170
\pgf@yc=\dimen171
\pgf@xd=\dimen172
\pgf@yd=\dimen173
\w@pgf@writea=\write3
\r@pgf@reada=\read2
\c@pgf@counta=\count294
\c@pgf@countb=\count295
\c@pgf@countc=\count296
\c@pgf@countd=\count297
\t@pgf@toka=\toks31
\t@pgf@tokb=\toks32
\t@pgf@tokc=\toks33
\pgf@sys@id@count=\count298

(/usr/local/texlive/2021/texmf-dist/tex/generic/pgf/systemlayer/pgf.cfg
File: pgf.cfg 2020/12/27 v3.1.8b (3.1.8b)
)
Driver file for pgf: pgfsys-pdftex.def

(/usr/local/texlive/2021/texmf-dist/tex/generic/pgf/systemlayer/pgfsys-pdftex.d
ef
File: pgfsys-pdftex.def 2020/12/27 v3.1.8b (3.1.8b)

(/usr/local/texlive/2021/texmf-dist/tex/generic/pgf/systemlayer/pgfsys-common-p
df.def
File: pgfsys-common-pdf.def 2020/12/27 v3.1.8b (3.1.8b)
)))
(/usr/local/texlive/2021/texmf-dist/tex/generic/pgf/systemlayer/pgfsyssoftpath.
code.tex
File: pgfsyssoftpath.code.tex 2020/12/27 v3.1.8b (3.1.8b)
\pgfsyssoftpath@smallbuffer@items=\count299
\pgfsyssoftpath@bigbuffer@items=\count300
)
(/usr/local/texlive/2021/texmf-dist/tex/generic/pgf/systemlayer/pgfsysprotocol.
code.tex
File: pgfsysprotocol.code.tex 2020/12/27 v3.1.8b (3.1.8b)
))
(/usr/local/texlive/2021/texmf-dist/tex/generic/pgf/basiclayer/pgfcore.code.tex
Package: pgfcore 2020/12/27 v3.1.8b (3.1.8b)
(/usr/local/texlive/2021/texmf-dist/tex/generic/pgf/math/pgfmath.code.tex
(/usr/local/texlive/2021/texmf-dist/tex/generic/pgf/math/pgfmathcalc.code.tex
(/usr/local/texlive/2021/texmf-dist/tex/generic/pgf/math/pgfmathutil.code.tex)
(/usr/local/texlive/2021/texmf-dist/tex/generic/pgf/math/pgfmathparser.code.tex
\pgfmath@dimen=\dimen174
\pgfmath@count=\count301
\pgfmath@box=\box56
\pgfmath@toks=\toks34
\pgfmath@stack@operand=\toks35
\pgfmath@stack@operation=\toks36
)
(/usr/local/texlive/2021/texmf-dist/tex/generic/pgf/math/pgfmathfunctions.code.
tex
(/usr/local/texlive/2021/texmf-dist/tex/generic/pgf/math/pgfmathfunctions.basic
.code.tex)
(/usr/local/texlive/2021/texmf-dist/tex/generic/pgf/math/pgfmathfunctions.trigo
nometric.code.tex)
(/usr/local/texlive/2021/texmf-dist/tex/generic/pgf/math/pgfmathfunctions.rando
m.code.tex)
(/usr/local/texlive/2021/texmf-dist/tex/generic/pgf/math/pgfmathfunctions.compa
rison.code.tex)
(/usr/local/texlive/2021/texmf-dist/tex/generic/pgf/math/pgfmathfunctions.base.
code.tex)
(/usr/local/texlive/2021/texmf-dist/tex/generic/pgf/math/pgfmathfunctions.round
.code.tex)
(/usr/local/texlive/2021/texmf-dist/tex/generic/pgf/math/pgfmathfunctions.misc.
code.tex)
(/usr/local/texlive/2021/texmf-dist/tex/generic/pgf/math/pgfmathfunctions.integ
erarithmetics.code.tex)))
(/usr/local/texlive/2021/texmf-dist/tex/generic/pgf/math/pgfmathfloat.code.tex
\c@pgfmathroundto@lastzeros=\count302
)) (/usr/local/texlive/2021/texmf-dist/tex/generic/pgf/math/pgfint.code.tex)
(/usr/local/texlive/2021/texmf-dist/tex/generic/pgf/basiclayer/pgfcorepoints.co
de.tex
File: pgfcorepoints.code.tex 2020/12/27 v3.1.8b (3.1.8b)
\pgf@picminx=\dimen175
\pgf@picmaxx=\dimen176
\pgf@picminy=\dimen177
\pgf@picmaxy=\dimen178
\pgf@pathminx=\dimen179
\pgf@pathmaxx=\dimen180
\pgf@pathminy=\dimen181
\pgf@pathmaxy=\dimen182
\pgf@xx=\dimen183
\pgf@xy=\dimen184
\pgf@yx=\dimen185
\pgf@yy=\dimen186
\pgf@zx=\dimen187
\pgf@zy=\dimen188
)
(/usr/local/texlive/2021/texmf-dist/tex/generic/pgf/basiclayer/pgfcorepathconst
ruct.code.tex
File: pgfcorepathconstruct.code.tex 2020/12/27 v3.1.8b (3.1.8b)
\pgf@path@lastx=\dimen189
\pgf@path@lasty=\dimen190
)
(/usr/local/texlive/2021/texmf-dist/tex/generic/pgf/basiclayer/pgfcorepathusage
.code.tex
File: pgfcorepathusage.code.tex 2020/12/27 v3.1.8b (3.1.8b)
\pgf@shorten@end@additional=\dimen191
\pgf@shorten@start@additional=\dimen192
)
(/usr/local/texlive/2021/texmf-dist/tex/generic/pgf/basiclayer/pgfcorescopes.co
de.tex
File: pgfcorescopes.code.tex 2020/12/27 v3.1.8b (3.1.8b)
\pgfpic=\box57
\pgf@hbox=\box58
\pgf@layerbox@main=\box59
\pgf@picture@serial@count=\count303
)
(/usr/local/texlive/2021/texmf-dist/tex/generic/pgf/basiclayer/pgfcoregraphicst
ate.code.tex
File: pgfcoregraphicstate.code.tex 2020/12/27 v3.1.8b (3.1.8b)
\pgflinewidth=\dimen193
)
(/usr/local/texlive/2021/texmf-dist/tex/generic/pgf/basiclayer/pgfcoretransform
ations.code.tex
File: pgfcoretransformations.code.tex 2020/12/27 v3.1.8b (3.1.8b)
\pgf@pt@x=\dimen194
\pgf@pt@y=\dimen195
\pgf@pt@temp=\dimen196
)
(/usr/local/texlive/2021/texmf-dist/tex/generic/pgf/basiclayer/pgfcorequick.cod
e.tex
File: pgfcorequick.code.tex 2020/12/27 v3.1.8b (3.1.8b)
)
(/usr/local/texlive/2021/texmf-dist/tex/generic/pgf/basiclayer/pgfcoreobjects.c
ode.tex
File: pgfcoreobjects.code.tex 2020/12/27 v3.1.8b (3.1.8b)
)
(/usr/local/texlive/2021/texmf-dist/tex/generic/pgf/basiclayer/pgfcorepathproce
ssing.code.tex
File: pgfcorepathprocessing.code.tex 2020/12/27 v3.1.8b (3.1.8b)
)
(/usr/local/texlive/2021/texmf-dist/tex/generic/pgf/basiclayer/pgfcorearrows.co
de.tex
File: pgfcorearrows.code.tex 2020/12/27 v3.1.8b (3.1.8b)
\pgfarrowsep=\dimen197
)
(/usr/local/texlive/2021/texmf-dist/tex/generic/pgf/basiclayer/pgfcoreshade.cod
e.tex
File: pgfcoreshade.code.tex 2020/12/27 v3.1.8b (3.1.8b)
\pgf@max=\dimen198
\pgf@sys@shading@range@num=\count304
\pgf@shadingcount=\count305
)
(/usr/local/texlive/2021/texmf-dist/tex/generic/pgf/basiclayer/pgfcoreimage.cod
e.tex
File: pgfcoreimage.code.tex 2020/12/27 v3.1.8b (3.1.8b)

(/usr/local/texlive/2021/texmf-dist/tex/generic/pgf/basiclayer/pgfcoreexternal.
code.tex
File: pgfcoreexternal.code.tex 2020/12/27 v3.1.8b (3.1.8b)
\pgfexternal@startupbox=\box60
))
(/usr/local/texlive/2021/texmf-dist/tex/generic/pgf/basiclayer/pgfcorelayers.co
de.tex
File: pgfcorelayers.code.tex 2020/12/27 v3.1.8b (3.1.8b)
)
(/usr/local/texlive/2021/texmf-dist/tex/generic/pgf/basiclayer/pgfcoretranspare
ncy.code.tex
File: pgfcoretransparency.code.tex 2020/12/27 v3.1.8b (3.1.8b)
)
(/usr/local/texlive/2021/texmf-dist/tex/generic/pgf/basiclayer/pgfcorepatterns.
code.tex
File: pgfcorepatterns.code.tex 2020/12/27 v3.1.8b (3.1.8b)
)
(/usr/local/texlive/2021/texmf-dist/tex/generic/pgf/basiclayer/pgfcorerdf.code.
tex
File: pgfcorerdf.code.tex 2020/12/27 v3.1.8b (3.1.8b)
)))
(/usr/local/texlive/2021/texmf-dist/tex/generic/pgf/modules/pgfmoduleshapes.cod
e.tex
File: pgfmoduleshapes.code.tex 2020/12/27 v3.1.8b (3.1.8b)
\pgfnodeparttextbox=\box61
)
(/usr/local/texlive/2021/texmf-dist/tex/generic/pgf/modules/pgfmoduleplot.code.
tex
File: pgfmoduleplot.code.tex 2020/12/27 v3.1.8b (3.1.8b)
)
(/usr/local/texlive/2021/texmf-dist/tex/latex/pgf/compatibility/pgfcomp-version
-0-65.sty
Package: pgfcomp-version-0-65 2020/12/27 v3.1.8b (3.1.8b)
\pgf@nodesepstart=\dimen199
\pgf@nodesepend=\dimen256
)
(/usr/local/texlive/2021/texmf-dist/tex/latex/pgf/compatibility/pgfcomp-version
-1-18.sty
Package: pgfcomp-version-1-18 2020/12/27 v3.1.8b (3.1.8b)
))
(/usr/local/texlive/2021/texmf-dist/tex/latex/pgf/utilities/pgffor.sty
(/usr/local/texlive/2021/texmf-dist/tex/latex/pgf/utilities/pgfkeys.sty
(/usr/local/texlive/2021/texmf-dist/tex/generic/pgf/utilities/pgfkeys.code.tex)
) (/usr/local/texlive/2021/texmf-dist/tex/latex/pgf/math/pgfmath.sty
(/usr/local/texlive/2021/texmf-dist/tex/generic/pgf/math/pgfmath.code.tex))
(/usr/local/texlive/2021/texmf-dist/tex/generic/pgf/utilities/pgffor.code.tex
Package: pgffor 2020/12/27 v3.1.8b (3.1.8b)

(/usr/local/texlive/2021/texmf-dist/tex/generic/pgf/math/pgfmath.code.tex)
\pgffor@iter=\dimen257
\pgffor@skip=\dimen258
\pgffor@stack=\toks37
\pgffor@toks=\toks38
))
(/usr/local/texlive/2021/texmf-dist/tex/generic/pgf/frontendlayer/tikz/tikz.cod
e.tex
Package: tikz 2020/12/27 v3.1.8b (3.1.8b)

(/usr/local/texlive/2021/texmf-dist/tex/generic/pgf/libraries/pgflibraryplothan
dlers.code.tex
File: pgflibraryplothandlers.code.tex 2020/12/27 v3.1.8b (3.1.8b)
\pgf@plot@mark@count=\count306
\pgfplotmarksize=\dimen259
)
\tikz@lastx=\dimen260
\tikz@lasty=\dimen261
\tikz@lastxsaved=\dimen262
\tikz@lastysaved=\dimen263
\tikz@lastmovetox=\dimen264
\tikz@lastmovetoy=\dimen265
\tikzleveldistance=\dimen266
\tikzsiblingdistance=\dimen267
\tikz@figbox=\box62
\tikz@figbox@bg=\box63
\tikz@tempbox=\box64
\tikz@tempbox@bg=\box65
\tikztreelevel=\count307
\tikznumberofchildren=\count308
\tikznumberofcurrentchild=\count309
\tikz@fig@count=\count310

(/usr/local/texlive/2021/texmf-dist/tex/generic/pgf/modules/pgfmodulematrix.cod
e.tex
File: pgfmodulematrix.code.tex 2020/12/27 v3.1.8b (3.1.8b)
\pgfmatrixcurrentrow=\count311
\pgfmatrixcurrentcolumn=\count312
\pgf@matrix@numberofcolumns=\count313
)
\tikz@expandcount=\count314

(/usr/local/texlive/2021/texmf-dist/tex/generic/pgf/frontendlayer/tikz/librarie
s/tikzlibrarytopaths.code.tex
File: tikzlibrarytopaths.code.tex 2020/12/27 v3.1.8b (3.1.8b)
)))
(/usr/local/texlive/2021/texmf-dist/tex/generic/pgf/frontendlayer/tikz/librarie
s/tikzlibrarypositioning.code.tex
File: tikzlibrarypositioning.code.tex 2020/12/27 v3.1.8b (3.1.8b)
)
(/usr/local/texlive/2021/texmf-dist/tex/generic/pgf/frontendlayer/tikz/librarie
s/tikzlibraryshadows.code.tex
File: tikzlibraryshadows.code.tex 2020/12/27 v3.1.8b (3.1.8b)

(/usr/local/texlive/2021/texmf-dist/tex/generic/pgf/frontendlayer/tikz/librarie
s/tikzlibraryfadings.code.tex
File: tikzlibraryfadings.code.tex 2020/12/27 v3.1.8b (3.1.8b)

(/usr/local/texlive/2021/texmf-dist/tex/generic/pgf/libraries/pgflibraryfadings
.code.tex
File: pgflibraryfadings.code.tex 2020/12/27 v3.1.8b (3.1.8b)
))) (/usr/local/texlive/2021/texmf-dist/tex/latex/tools/calc.sty
Package: calc 2017/05/25 v4.3 Infix arithmetic (KKT,FJ)
\calc@Acount=\count315
\calc@Bcount=\count316
\calc@Adimen=\dimen268
\calc@Bdimen=\dimen269
\calc@Askip=\skip87
\calc@Bskip=\skip88
LaTeX Info: Redefining \setlength on input line 80.
LaTeX Info: Redefining \addtolength on input line 81.
\calc@Ccount=\count317
\calc@Cskip=\skip89
)
\c@@todonotes@numberoftodonotes=\count318
)
\c@Changes@AuthorCount=\count319
\c@Changes@Author=\count320
\c@Changes@addedCount=\count321
\c@Changes@deletedCount=\count322
\c@Changes@replacedCount=\count323
\c@Changes@highlightCount=\count324
\c@Changes@commentCount=\count325
\c@authorcommentcount=\count326

(/usr/local/texlive/2021/texmf-dist/tex/latex/truncate/truncate.sty
Package: truncate 2001/08/20  ver 3.6
\@Trunc@RestHyph=\toks39
)
\Changes@truncate@width=\skip90
\Changes@summary@width=\skip91
)
LaTeX Font Info:    Trying to load font information for OT1+ptm on input line 4
6.

(/usr/local/texlive/2021/texmf-dist/tex/latex/psnfss/ot1ptm.fd
File: ot1ptm.fd 2001/06/04 font definitions for OT1/ptm.
)
(/usr/local/texlive/2021/texmf-dist/tex/latex/l3backend/l3backend-pdftex.def
File: l3backend-pdftex.def 2021-03-18 L3 backend support: PDF output (pdfTeX)
\l__color_backend_stack_int=\count327
\l__pdf_internal_box=\box66
)
(./main.aux)
\openout1 = `main.aux'.

LaTeX Font Info:    Checking defaults for OML/cmm/m/it on input line 46.
LaTeX Font Info:    ... okay on input line 46.
LaTeX Font Info:    Checking defaults for OMS/cmsy/m/n on input line 46.
LaTeX Font Info:    ... okay on input line 46.
LaTeX Font Info:    Checking defaults for OT1/cmr/m/n on input line 46.
LaTeX Font Info:    ... okay on input line 46.
LaTeX Font Info:    Checking defaults for T1/cmr/m/n on input line 46.
LaTeX Font Info:    ... okay on input line 46.
LaTeX Font Info:    Checking defaults for TS1/cmr/m/n on input line 46.
LaTeX Font Info:    ... okay on input line 46.
LaTeX Font Info:    Checking defaults for OMX/cmex/m/n on input line 46.
LaTeX Font Info:    ... okay on input line 46.
LaTeX Font Info:    Checking defaults for U/cmr/m/n on input line 46.
LaTeX Font Info:    ... okay on input line 46.
LaTeX Font Info:    Checking defaults for PD1/pdf/m/n on input line 46.
LaTeX Font Info:    ... okay on input line 46.
LaTeX Font Info:    Checking defaults for PU/pdf/m/n on input line 46.
LaTeX Font Info:    ... okay on input line 46.

(/usr/local/texlive/2021/texmf-dist/tex/context/base/mkii/supp-pdf.mkii
[Loading MPS to PDF converter (version 2006.09.02).]
\scratchcounter=\count328
\scratchdimen=\dimen270
\scratchbox=\box67
\nofMPsegments=\count329
\nofMParguments=\count330
\everyMPshowfont=\toks40
\MPscratchCnt=\count331
\MPscratchDim=\dimen271
\MPnumerator=\count332
\makeMPintoPDFobject=\count333
\everyMPtoPDFconversion=\toks41
) (/usr/local/texlive/2021/texmf-dist/tex/latex/epstopdf-pkg/epstopdf-base.sty
Package: epstopdf-base 2020-01-24 v2.11 Base part for package epstopdf

(/usr/local/texlive/2021/texmf-dist/tex/latex/grfext/grfext.sty
Package: grfext 2019/12/03 v1.3 Manage graphics extensions (HO)
)
Package epstopdf-base Info: Redefining graphics rule for `.eps' on input line 4
85.
Package grfext Info: Graphics extension search list:
(grfext)             [.pdf,.png,.jpg,.mps,.jpeg,.jbig2,.jb2,.PDF,.PNG,.JPG,.JPE
G,.JBIG2,.JB2,.eps]
(grfext)             \AppendGraphicsExtensions on input line 504.

(/usr/local/texlive/2021/texmf-dist/tex/latex/latexconfig/epstopdf-sys.cfg
File: epstopdf-sys.cfg 2010/07/13 v1.3 Configuration of (r)epstopdf for TeX Liv
e
))
Package hyperref Info: Link coloring ON on input line 46.

(/usr/local/texlive/2021/texmf-dist/tex/latex/hyperref/nameref.sty
Package: nameref 2021-04-02 v2.47 Cross-referencing by name of section

(/usr/local/texlive/2021/texmf-dist/tex/latex/refcount/refcount.sty
Package: refcount 2019/12/15 v3.6 Data extraction from label references (HO)
)
(/usr/local/texlive/2021/texmf-dist/tex/generic/gettitlestring/gettitlestring.s
ty
Package: gettitlestring 2019/12/15 v1.6 Cleanup title references (HO)
)
\c@section@level=\count334
)
LaTeX Info: Redefining \ref on input line 46.
LaTeX Info: Redefining \pageref on input line 46.
LaTeX Info: Redefining \nameref on input line 46.
 (./main.out) (./main.out)
\@outlinefile=\write4
\openout4 = `main.out'.



Package todonotes Warning: The length marginparwidth is less than 2cm and will 
most likely cause issues with the appearance of inserted todonotes. The issue c
an be solved by adding a line like \setlength {\marginparwidth }{2cm} prior to 
loading the todonotes package. on input line 46.

ptm-font_in_spiemancls
12pt
LaTeX Font Info:    Trying to load font information for OT1+phv on input line 4
7.
(/usr/local/texlive/2021/texmf-dist/tex/latex/psnfss/ot1phv.fd
File: ot1phv.fd 2020/03/25 scalable font definitions for OT1/phv.
)
LaTeX Font Info:    Trying to load font information for U+msa on input line 47.


(/usr/local/texlive/2021/texmf-dist/tex/latex/amsfonts/umsa.fd
File: umsa.fd 2013/01/14 v3.01 AMS symbols A
)
LaTeX Font Info:    Trying to load font information for U+msb on input line 47.


(/usr/local/texlive/2021/texmf-dist/tex/latex/amsfonts/umsb.fd
File: umsb.fd 2013/01/14 v3.01 AMS symbols B
) (./section1.tex

LaTeX Warning: Citation `andersen_integrated_2011' on page 1 undefined on input
 line 5.


LaTeX Warning: Citation `Dube2022' on page 1 undefined on input line 5.


LaTeX Warning: Citation `goodman17' on page 1 undefined on input line 5.


LaTeX Warning: Citation `breckinridge_exoplanet_2018' on page 1 undefined on in
put line 5.


LaTeX Warning: Citation `Breck19' on page 1 undefined on input line 5.


LaTeX Warning: Citation `anche_analysis_2018' on page 1 undefined on input line
 5.


LaTeX Warning: Citation `anche_inprep' on page 1 undefined on input line 5.

[1

{/usr/local/texlive/2021/texmf-var/fonts/map/pdftex/updmap/pdftex.map}]

LaTeX Warning: Citation `Chippman15' on page 2 undefined on input line 7.


LaTeX Warning: Citation `anche_inprep' on page 2 undefined on input line 7.


LaTeX Warning: Citation `Harrington2017' on page 2 undefined on input line 7.


LaTeX Warning: Citation `Mather2004' on page 2 undefined on input line 7.


LaTeX Warning: Citation `Guyon_2006' on page 2 undefined on input line 7.


LaTeX Warning: Citation `2015ApJStark' on page 2 undefined on input line 7.


LaTeX Warning: Citation `2018Pueyo' on page 2 undefined on input line 7.

[2]

LaTeX Warning: Citation `Lozi18' on page 3 undefined on input line 9.


LaTeX Warning: Citation `Males18' on page 3 undefined on input line 9.


LaTeX Warning: Citation `Femenia16' on page 3 undefined on input line 9.


LaTeX Warning: Citation `Macintosh14' on page 3 undefined on input line 9.


LaTeX Warning: Citation `refId0' on page 3 undefined on input line 9.


LaTeX Warning: Citation `thompson_near_1994' on page 3 undefined on input line 
9.


LaTeX Warning: Citation `horner_near-infrared_2004' on page 3 undefined on inpu
t line 9.


LaTeX Warning: Citation `Nircam_exoplanet' on page 3 undefined on input line 9.



LaTeX Warning: Citation `decadal_survey_on_astronomy_and_astrophysics_2020_astr
o2020_pathways_2021' on page 3 undefined on input line 10.


LaTeX Warning: Citation `Belikov2021' on page 3 undefined on input line 11.


LaTeX Warning: Citation `shaklan19' on page 3 undefined on input line 12.


Overfull \hbox (17.05423pt too wide) in paragraph at lines 9--13
[]\OT1/ptm/m/n/12 High-contrast imag-ing in-stru-ments have been suc-cess-fully
 de-ployed on the ground (e.g. SCExAO,[]
 []


LaTeX Warning: Citation `Howard22' on page 3 undefined on input line 14.


LaTeX Warning: Citation `Howard11' on page 3 undefined on input line 14.

[3]

LaTeX Warning: Citation `Krist93' on page 4 undefined on input line 16.


LaTeX Warning: Citation `goodman17' on page 4 undefined on input line 16.


LaTeX Warning: Citation `Krist07' on page 4 undefined on input line 16.


LaTeX Warning: Citation `Perrin12' on page 4 undefined on input line 16.


LaTeX Warning: Citation `2016ascl.soft02018P' on page 4 undefined on input line
 16.


LaTeX Warning: Citation `Doug18' on page 4 undefined on input line 16.


LaTeX Warning: Citation `por2018hcipy' on page 4 undefined on input line 16.


LaTeX Warning: Citation `Townson:19' on page 4 undefined on input line 16.


LaTeX Warning: Citation `Dube2022' on page 4 undefined on input line 16.


LaTeX Warning: Citation `Dube2019' on page 4 undefined on input line 16.


LaTeX Warning: Citation `Riggs18' on page 4 undefined on input line 16.

[4]

LaTeX Warning: Citation `Allen2021OpenSource' on page 5 undefined on input line
 18.


LaTeX Warning: Citation `krist_practical_2010' on page 5 undefined on input lin
e 20.


LaTeX Warning: Citation `vanderbei_diffraction_2006' on page 5 undefined on inp
ut line 20.


LaTeX Warning: Citation `guyon_phase_nodate' on page 5 undefined on input line 
20.


LaTeX Warning: Citation `krist_practical_2010' on page 5 undefined on input lin
e 20.


LaTeX Warning: Citation `krist_numerical_2015' on page 5 undefined on input lin
e 25.


LaTeX Warning: Citation `Nemati2023' on page 5 undefined on input line 25.


LaTeX Warning: Citation `Pyxel' on page 5 undefined on input line 25.


LaTeX Warning: Citation `pyklip' on page 5 undefined on input line 25.


LaTeX Warning: Citation `nmfimaging' on page 5 undefined on input line 25.

[5]
<modeling_flow.png, id=160, 1122.1925pt x 435.6275pt>
File: modeling_flow.png Graphic file (type png)
<use modeling_flow.png>
Package pdftex.def Info: modeling_flow.png  used on input line 29.
(pdftex.def)             Requested size: 469.75499pt x 182.35075pt.


LaTeX Warning: Citation `Krist18' on page 6 undefined on input line 30.


LaTeX Warning: Citation `Krist18' on page 6 undefined on input line 30.


LaTeX Warning: Citation `Greynolds86' on page 6 undefined on input line 34.


LaTeX Warning: Citation `Harvey15' on page 6 undefined on input line 34.


LaTeX Warning: Citation `modeling_coherence_fred' on page 6 undefined on input 
line 34.


LaTeX Warning: Citation `Harvey15' on page 6 undefined on input line 34.


LaTeX Warning: Citation `bsp_in_codev' on page 6 undefined on input line 34.


LaTeX Warning: Citation `Worku17' on page 6 undefined on input line 34.


LaTeX Warning: Citation `Worku:18' on page 6 undefined on input line 34.


LaTeX Warning: Citation `Worku19' on page 6 undefined on input line 34.

[6 <./modeling_flow.png>]

LaTeX Warning: Citation `greynolds_ten_2020' on page 7 undefined on input line 
37.

<beamlet_decomposition_essentials.png, id=170, 1179.40625pt x 313.17pt>
File: beamlet_decomposition_essentials.png Graphic file (type png)
<use beamlet_decomposition_essentials.png>
Package pdftex.def Info: beamlet_decomposition_essentials.png  used on input li
ne 41.
(pdftex.def)             Requested size: 469.75499pt x 124.73535pt.
[7]

LaTeX Warning: Citation `Siegman_1986' on page 8 undefined on input line 48.


LaTeX Warning: Citation `goodman17' on page 8 undefined on input line 48.


LaTeX Warning: Citation `krist_numerical_2015' on page 8 undefined on input lin
e 50.


LaTeX Warning: Citation `Pyxel' on page 8 undefined on input line 50.


LaTeX Warning: Citation `pyklip' on page 8 undefined on input line 50.


LaTeX Warning: Citation `nmfimaging' on page 8 undefined on input line 50.


Overfull \hbox (9.62512pt too wide) in paragraph at lines 50--51
[]|   []   |   []   |   []   |   []   |   []   |   []   |   []   |   []   |   [
]   |   []   |   []   |   []   |   []   |   []
 []

[8 <./beamlet_decomposition_essentials.png>]

LaTeX Warning: Citation `Harvey15' on page 9 undefined on input line 52.


LaTeX Warning: Citation `Worku:18' on page 9 undefined on input line 52.


LaTeX Warning: Citation `Harvey15' on page 9 undefined on input line 59.


LaTeX Warning: Citation `arnaud_representation_1985' on page 9 undefined on inp
ut line 59.


LaTeX Warning: Citation `Greynolds86' on page 9 undefined on input line 59.

[9]

LaTeX Warning: Citation `worku_vectorial_2017' on page 10 undefined on input li
ne 61.


LaTeX Warning: Citation `Worku:18' on page 10 undefined on input line 61.


LaTeX Warning: Citation `Worku19' on page 10 undefined on input line 61.


LaTeX Warning: Citation `Collins:70' on page 10 undefined on input line 61.


LaTeX Warning: Citation `Worku19' on page 10 undefined on input line 61.


LaTeX Warning: Citation `Worku:20' on page 10 undefined on input line 61.


LaTeX Warning: Citation `Greynolds14' on page 10 undefined on input line 64.


LaTeX Warning: Citation `modeling_coherence_fred' on page 10 undefined on input
 line 64.

[10]
<hybridprop2.png, id=195, 1420.30624pt x 701.11937pt>
File: hybridprop2.png Graphic file (type png)
<use hybridprop2.png>
Package pdftex.def Info: hybridprop2.png  used on input line 68.
(pdftex.def)             Requested size: 469.75499pt x 231.8836pt.
 [11]

LaTeX Warning: Citation `Ashcraft2020' on page 12 undefined on input line 73.

[12 <./hybridprop2.png>]

LaTeX Warning: Citation `Ashcraft_poke_2022' on page 13 undefined on input line
 77.


LaTeX Warning: Citation `anche_inprep' on page 13 undefined on input line 77.


LaTeX Warning: Citation `msgpack' on page 13 undefined on input line 77.

<poke_modeling_revised.png, id=207, 882.29625pt x 178.6675pt>
File: poke_modeling_revised.png Graphic file (type png)
<use poke_modeling_revised.png>
Package pdftex.def Info: poke_modeling_revised.png  used on input line 80.
(pdftex.def)             Requested size: 422.77661pt x 85.6122pt.

LaTeX Warning: Citation `rayoptics' on page 13 undefined on input line 81.


LaTeX Warning: Citation `rayoptics' on page 13 undefined on input line 81.


LaTeX Warning: Hyper reference `sec:algorithm' on page 13 undefined on input li
ne 87.

) [13 <./poke_modeling_revised.png>] (./section2.tex

Package hyperref Warning: Token not allowed in a PDF string (Unicode):
(hyperref)                removing `\replaced' on input line 1.


LaTeX Warning: Citation `Harvey15' on page 14 undefined on input line 4.


Package hyperref Warning: Token not allowed in a PDF string (Unicode):
(hyperref)                removing `\replaced' on input line 8.


LaTeX Warning: Citation `goodman17' on page 14 undefined on input line 10.

[14]

LaTeX Warning: Citation `Siegman_1986' on page 15 undefined on input line 27.


LaTeX Warning: Citation `Ashcraft2020' on page 15 undefined on input line 32.


LaTeX Warning: Citation `cai_decentered_nodate' on page 15 undefined on input l
ine 32.

[15]

LaTeX Warning: Citation `Brouwer64' on page 16 undefined on input line 58.

[16] [17]

LaTeX Warning: Citation `Brouwer64' on page 18 undefined on input line 117.


LaTeX Warning: Citation `Ashcraft2020' on page 18 undefined on input line 117.


LaTeX Warning: Citation `Stone:97' on page 18 undefined on input line 120.

[18]
<differential_diagram.png, id=262, 817.0525pt x 426.59375pt>
File: differential_diagram.png Graphic file (type png)
<use differential_diagram.png>
Package pdftex.def Info: differential_diagram.png  used on input line 131.
(pdftex.def)             Requested size: 469.75499pt x 245.26996pt.
 [19]

LaTeX Warning: Citation `Greynolds86' on page 20 undefined on input line 136.

[20 <./differential_diagram.png>]

LaTeX Warning: Citation `Harvey15' on page 21 undefined on input line 196.


LaTeX Warning: Citation `Worku19' on page 21 undefined on input line 196.


LaTeX Warning: Citation `Collins:70' on page 21 undefined on input line 196.

[21]

LaTeX Warning: Citation `koshel_novel_2001' on page 22 undefined on input line 
199.


LaTeX Warning: Citation `Harvey15' on page 22 undefined on input line 201.

[22]

LaTeX Warning: Citation `Worku:18' on page 23 undefined on input line 207.


LaTeX Warning: Citation `Worku:18' on page 23 undefined on input line 214.

<sampleschemes.pdf, id=297, 1084.05pt x 361.35pt>
File: sampleschemes.pdf Graphic file (type pdf)
<use sampleschemes.pdf>
Package pdftex.def Info: sampleschemes.pdf  used on input line 218.
(pdftex.def)             Requested size: 469.75499pt x 156.58498pt.
[23]) (./section3.tex

LaTeX Warning: Citation `Worku19' on page 24 undefined on input line 2.

<plane_detector_intersect.png, id=310, 985.6825pt x 438.63875pt>
File: plane_detector_intersect.png Graphic file (type png)
<use plane_detector_intersect.png>
Package pdftex.def Info: plane_detector_intersect.png  used on input line 6.
(pdftex.def)             Requested size: 469.75499pt x 209.04495pt.
[24 <./sampleschemes.pdf>] [25 <./plane_detector_intersect.png>]
<step1_proptrans.png, id=363, 929.4725pt x 477.785pt>
File: step1_proptrans.png Graphic file (type png)
<use step1_proptrans.png>
Package pdftex.def Info: step1_proptrans.png  used on input line 18.
(pdftex.def)             Requested size: 469.75499pt x 241.46542pt.
 [26 <./step1_proptrans.png>] [27]
<step2_ortho.png, id=393, 954.56625pt x 557.08125pt>
File: step2_ortho.png Graphic file (type png)
<use step2_ortho.png>
Package pdftex.def Info: step2_ortho.png  used on input line 112.
(pdftex.def)             Requested size: 469.75499pt x 274.14525pt.
 [28] [29 <./step2_ortho.png>] [30]
<transversal_profile.png, id=427, 563.10374pt x 529.98pt>
File: transversal_profile.png Graphic file (type png)
<use transversal_profile.png>
Package pdftex.def Info: transversal_profile.png  used on input line 169.
(pdftex.def)             Requested size: 234.87749pt x 221.06166pt.
 [31] [32 <./transversal_profile.png>]

LaTeX Warning: Citation `Worku19' on page 33 undefined on input line 208.

[33]

LaTeX Warning: Citation `cai_decentered_nodate' on page 34 undefined on input l
ine 220.


LaTeX Warning: Citation `Ashcraft2020' on page 34 undefined on input line 220.


LaTeX Warning: Citation `Mei_2005' on page 34 undefined on input line 220.


LaTeX Warning: Citation `CAI2002139' on page 34 undefined on input line 220.


LaTeX Warning: Citation `CAI2002139' on page 34 undefined on input line 220.


LaTeX Warning: Citation `greynolds_ten_2020' on page 34 undefined on input line
 220.


LaTeX Warning: Citation `Worku19' on page 34 undefined on input line 220.

) (./section4.tex [34]
<telescope_model.png, id=461, 1184.425pt x 338.26375pt>
File: telescope_model.png Graphic file (type png)
<use telescope_model.png>
Package pdftex.def Info: telescope_model.png  used on input line 22.
(pdftex.def)             Requested size: 469.75499pt x 134.15724pt.


LaTeX Warning: Citation `mawet_annular_2005' on page 35 undefined on input line
 30.


LaTeX Warning: Citation `lee_experimental_2006' on page 35 undefined on input l
ine 30.


LaTeX Warning: Citation `mawet_vector_2010' on page 35 undefined on input line 
30.


LaTeX Warning: Citation `serabyn_vector_2019-1' on page 35 undefined on input l
ine 30.

[35 <./telescope_model.png>]

LaTeX Warning: Citation `por2018hcipy' on page 36 undefined on input line 37.

LaTeX Font Info:    Trying to load font information for OT1+pcr on input line 3
7.
(/usr/local/texlive/2021/texmf-dist/tex/latex/psnfss/ot1pcr.fd
File: ot1pcr.fd 2001/06/04 font definitions for OT1/pcr.
) [36]
<Airy_compare_Even.pdf, id=479, 1084.05pt x 1084.05pt>
File: Airy_compare_Even.pdf Graphic file (type pdf)
<use Airy_compare_Even.pdf>
Package pdftex.def Info: Airy_compare_Even.pdf  used on input line 46.
(pdftex.def)             Requested size: 469.75499pt x 469.75496pt.
 [37]
<Airy_compare_Fib.pdf, id=488, 1084.05pt x 1084.05pt>
File: Airy_compare_Fib.pdf Graphic file (type pdf)
<use Airy_compare_Fib.pdf>
Package pdftex.def Info: Airy_compare_Fib.pdf  used on input line 53.
(pdftex.def)             Requested size: 469.75499pt x 469.75496pt.

[38 <./Airy_compare_Even.pdf>] [39 <./Airy_compare_Fib.pdf>]
<rms_vs_nbeamlets.pdf, id=655, 722.7pt x 361.35pt>
File: rms_vs_nbeamlets.pdf Graphic file (type pdf)
<use rms_vs_nbeamlets.pdf>
Package pdftex.def Info: rms_vs_nbeamlets.pdf  used on input line 62.
(pdftex.def)             Requested size: 469.75499pt x 234.88023pt.
 [40 <./rms_vs_nbeamlets.pdf>]
<hst_aberrated_psf.png, id=704, 920.43875pt x 315.1775pt>
File: hst_aberrated_psf.png Graphic file (type png)
<use hst_aberrated_psf.png>
Package pdftex.def Info: hst_aberrated_psf.png  used on input line 74.
(pdftex.def)             Requested size: 422.77661pt x 144.7718pt.


LaTeX Warning: Citation `Worku19' on page 41 undefined on input line 79.

[41 <./hst_aberrated_psf.png>]
<coronagraph_vs_beamlets.png, id=717, 1011.78pt x 794.97pt>
File: coronagraph_vs_beamlets.png Graphic file (type png)
<use coronagraph_vs_beamlets.png>
Package pdftex.def Info: coronagraph_vs_beamlets.png  used on input line 104.
(pdftex.def)             Requested size: 422.77661pt x 386.53041pt.
 [42]

LaTeX Warning: Hyper reference `sec:algorithm' on page 43 undefined on input li
ne 110.


LaTeX Warning: Citation `Worku19' on page 43 undefined on input line 111.


LaTeX Warning: Citation `2015ApJStark' on page 43 undefined on input line 112.

[43 <./coronagraph_vs_beamlets.png>] [44]) (./section5.tex [45]

LaTeX Warning: Citation `Worku19' on page 46 undefined on input line 11.


LaTeX Warning: Citation `lam_numba_2015' on page 46 undefined on input line 13.



LaTeX Warning: Citation `robert_mcleod_2018_2483274' on page 46 undefined on in
put line 13.


LaTeX Warning: Citation `Desdoigts2022' on page 46 undefined on input line 13.


LaTeX Warning: Citation `Wong21' on page 46 undefined on input line 13.


LaTeX Warning: Citation `Pope21' on page 46 undefined on input line 13.

[46]

LaTeX Warning: Citation `Chippman15' on page 47 undefined on input line 15.


LaTeX Warning: Citation `Worku17' on page 47 undefined on input line 15.


LaTeX Warning: Citation `anche_inprep' on page 47 undefined on input line 15.

[47]

LaTeX Warning: Citation `Ashcraft_poke_2022' on page 48 undefined on input line
 18.


LaTeX Warning: Citation `robert_mcleod_2018_2483274' on page 48 undefined on in
put line 24.


LaTeX Warning: Citation `lam_numba_2015' on page 48 undefined on input line 24.



LaTeX Warning: Citation `Doug18' on page 48 undefined on input line 24.

[48]
<gbdprofiling.png, id=759, 1046.91125pt x 780.9175pt>
File: gbdprofiling.png Graphic file (type png)
<use gbdprofiling.png>
Package pdftex.def Info: gbdprofiling.png  used on input line 28.
(pdftex.def)             Requested size: 328.82706pt x 245.27536pt.
 [49] [50 <./gbdprofiling.png>])

LaTeX Warning: Citation `Perrin12' on page 51 undefined on input line 81.


LaTeX Warning: Citation `por2018hcipy' on page 51 undefined on input line 81.


LaTeX Warning: Citation `Dube2019' on page 51 undefined on input line 81.


LaTeX Warning: Citation `harris2020array' on page 51 undefined on input line 81
.


LaTeX Warning: Citation `Hunter:2007' on page 51 undefined on input line 81.


LaTeX Warning: Citation `PER-GRA:2007' on page 51 undefined on input line 81.


LaTeX Warning: Citation `astropy:2013' on page 51 undefined on input line 81.


LaTeX Warning: Citation `astropy:2018' on page 51 undefined on input line 81.


LaTeX Warning: Citation `astropy:2022' on page 51 undefined on input line 81.


LaTeX Warning: Citation `2020SciPy-NMeth' on page 51 undefined on input line 81
.


LaTeX Warning: Citation `lam_numba_2015' on page 51 undefined on input line 81.



LaTeX Warning: Citation `robert_mcleod_2018_2483274' on page 51 undefined on in
put line 81.

[51] (./main.lof

LaTeX Warning: Citation `Krist18' on page 52 undefined on input line 1.

[52] [53]

LaTeX Warning: Citation `rayoptics' on page 54 undefined on input line 4.

[54] [55] [56] [57]
Overfull \hbox (0.27837pt too wide) in paragraph at lines 16--16
 [][] [][][]\OT1/ptm/m/n/12 Comparison of the Coro-n-a-graphic PSF []from 3-30 
$\OML/cmm/m/it/12 ^^U=D$[][] \OT1/ptm/m/n/12 gen-er-ated by a solely Fraun- 
 []

[58] [59])
\tf@lof=\write5
\openout5 = `main.lof'.

 (./main.lot)
\tf@lot=\write6
\openout6 = `main.lot'.

\Changes@OutFile=\write7
\openout7 = `main.soc'.

\tf@loc=\write8
\openout8 = `main.loc'.

 [60] (./main.aux)

LaTeX Warning: There were undefined references.

Package rerunfilecheck Info: File `main.out' has not changed.
(rerunfilecheck)             Checksum: 0EA9F7414D2B424D3B972CBB26164176;4997.
 ) 
Here is how much of TeX's memory you used:
 22213 strings out of 478994
 399381 string characters out of 5858183
 731081 words of memory out of 5000000
 39066 multiletter control sequences out of 15000+600000
 436178 words of font info for 97 fonts, out of 8000000 for 9000
 1141 hyphenation exceptions out of 8191
 117i,11n,116p,2169b,621s stack positions out of 5000i,500n,10000p,200000b,80000s
{/usr/local/texlive/2021/texmf-dist/fonts/enc/dvips/base/8r.enc}</usr/local/t
exlive/2021/texmf-dist/fonts/type1/public/amsfonts/cm/cmbx10.pfb></usr/local/te
xlive/2021/texmf-dist/fonts/type1/public/amsfonts/cm/cmbx12.pfb></usr/local/tex
live/2021/texmf-dist/fonts/type1/public/amsfonts/cm/cmbx8.pfb></usr/local/texli
ve/2021/texmf-dist/fonts/type1/public/amsfonts/cm/cmex10.pfb></usr/local/texliv
e/2021/texmf-dist/fonts/type1/public/amsfonts/cm/cmmi10.pfb></usr/local/texlive
/2021/texmf-dist/fonts/type1/public/amsfonts/cm/cmmi12.pfb></usr/local/texlive/
2021/texmf-dist/fonts/type1/public/amsfonts/cm/cmmi6.pfb></usr/local/texlive/20
21/texmf-dist/fonts/type1/public/amsfonts/cm/cmmi7.pfb></usr/local/texlive/2021
/texmf-dist/fonts/type1/public/amsfonts/cm/cmmi8.pfb></usr/local/texlive/2021/t
exmf-dist/fonts/type1/public/amsfonts/cm/cmmib10.pfb></usr/local/texlive/2021/t
exmf-dist/fonts/type1/public/amsfonts/cmextra/cmmib8.pfb></usr/local/texlive/20
21/texmf-dist/fonts/type1/public/amsfonts/cm/cmr10.pfb></usr/local/texlive/2021
/texmf-dist/fonts/type1/public/amsfonts/cm/cmr12.pfb></usr/local/texlive/2021/t
exmf-dist/fonts/type1/public/amsfonts/cm/cmr6.pfb></usr/local/texlive/2021/texm
f-dist/fonts/type1/public/amsfonts/cm/cmr7.pfb></usr/local/texlive/2021/texmf-d
ist/fonts/type1/public/amsfonts/cm/cmr8.pfb></usr/local/texlive/2021/texmf-dist
/fonts/type1/public/amsfonts/cm/cmsy10.pfb></usr/local/texlive/2021/texmf-dist/
fonts/type1/public/amsfonts/cm/cmsy7.pfb></usr/local/texlive/2021/texmf-dist/fo
nts/type1/public/amsfonts/cm/cmsy8.pfb></usr/local/texlive/2021/texmf-dist/font
s/type1/public/amsfonts/symbols/msam10.pfb></usr/local/texlive/2021/texmf-dist/
fonts/type1/urw/courier/ucrr8a.pfb></usr/local/texlive/2021/texmf-dist/fonts/ty
pe1/urw/helvetic/uhvr8a.pfb></usr/local/texlive/2021/texmf-dist/fonts/type1/urw
/times/utmb8a.pfb></usr/local/texlive/2021/texmf-dist/fonts/type1/urw/times/utm
r8a.pfb></usr/local/texlive/2021/texmf-dist/fonts/type1/urw/times/utmri8a.pfb>
Output written on main.pdf (60 pages, 3206086 bytes).
PDF statistics:
 1194 PDF objects out of 1200 (max. 8388607)
 875 compressed objects within 9 object streams
 139 named destinations out of 1000 (max. 500000)
 386 words of extra memory for PDF output out of 10000 (max. 10000000)

